[05:58:26] [ServerMain/INFO]: Environment: Environment[sessionHost=https://sessionserver.mojang.com, servicesHost=https://api.minecraftservices.com, name=PROD]
[05:58:28] [ServerMain/INFO]: Loaded 1370 recipes
[05:58:28] [Server thread/INFO]: Starting minecraft server version 1.21.4
[05:58:28] [Server thread/INFO]: Loading properties
[05:58:28] [Server thread/INFO]: This server is running CraftBukkit version 4458-Spigot-73860e0-fb3f2b6 (MC: 1.21.4) (Implementing API version 1.21.4-R0.1-SNAPSHOT)
[05:58:29] [Server thread/INFO]: *** This version of Spigot contains changes to some enums. If you notice that plugins no longer work after updating, please report this to the developers of those plugins first. ***
[05:58:29] [Server thread/INFO]: *** If you cannot update those plugins, you can try setting `settings.compatibility.enum-compatibility-mode` to `true` in `bukkit.yml`. ***
[05:58:29] [Server thread/INFO]: Server Ping Player Sample Count: 12
[05:58:29] [Server thread/INFO]: Using 4 threads for Netty based IO
[05:58:29] [Server thread/INFO]: Debug logging is disabled
[05:58:29] [Server thread/INFO]: Default game type: SURVIVAL
[05:58:29] [Server thread/INFO]: Generating keypair
[05:58:29] [Server thread/INFO]: Starting Minecraft server on *:25565
[05:58:29] [Server thread/INFO]: Using epoll channel type
[05:58:29] [Server thread/ERROR]: Could not load 'plugins/SkinsRestorer.jar'
org.bukkit.plugin.InvalidDescriptionException: Invalid plugin.yml
	at org.bukkit.plugin.java.JavaPluginLoader.getPluginDescription(JavaPluginLoader.java:178) ~[spigot-api-1.21.4-R0.1-SNAPSHOT.jar:?]
	at org.bukkit.plugin.SimplePluginManager.loadPlugins(SimplePluginManager.java:158) ~[spigot-api-1.21.4-R0.1-SNAPSHOT.jar:?]
	at org.bukkit.plugin.SimplePluginManager.loadPlugins(SimplePluginManager.java:122) ~[spigot-api-1.21.4-R0.1-SNAPSHOT.jar:?]
	at org.bukkit.craftbukkit.v1_21_R3.CraftServer.loadPlugins(CraftServer.java:467) ~[spigot-1.21.4.jar:4458-Spigot-73860e0-fb3f2b6]
	at net.minecraft.server.dedicated.DedicatedServer.e(DedicatedServer.java:235) ~[spigot-1.21.4.jar:4458-Spigot-73860e0-fb3f2b6]
	at net.minecraft.server.MinecraftServer.y(MinecraftServer.java:1032) ~[spigot-1.21.4.jar:4458-Spigot-73860e0-fb3f2b6]
	at net.minecraft.server.MinecraftServer.lambda$spin$0(MinecraftServer.java:329) ~[spigot-1.21.4.jar:4458-Spigot-73860e0-fb3f2b6]
	at java.base/java.lang.Thread.run(Thread.java:1583) [?:?]
Caused by: java.util.zip.ZipException: zip file is empty
	at java.base/java.util.zip.ZipFile$Source.zerror(ZipFile.java:1781) ~[?:?]
	at java.base/java.util.zip.ZipFile$Source.findEND(ZipFile.java:1562) ~[?:?]
	at java.base/java.util.zip.ZipFile$Source.initCEN(ZipFile.java:1657) ~[?:?]
	at java.base/java.util.zip.ZipFile$Source.<init>(ZipFile.java:1495) ~[?:?]
	at java.base/java.util.zip.ZipFile$Source.get(ZipFile.java:1458) ~[?:?]
	at java.base/java.util.zip.ZipFile$CleanableResource.<init>(ZipFile.java:724) ~[?:?]
	at java.base/java.util.zip.ZipFile.<init>(ZipFile.java:251) ~[?:?]
	at java.base/java.util.zip.ZipFile.<init>(ZipFile.java:180) ~[?:?]
	at java.base/java.util.jar.JarFile.<init>(JarFile.java:345) ~[?:?]
	at java.base/java.util.jar.JarFile.<init>(JarFile.java:316) ~[?:?]
	at java.base/java.util.jar.JarFile.<init>(JarFile.java:282) ~[?:?]
	at org.bukkit.plugin.java.JavaPluginLoader.getPluginDescription(JavaPluginLoader.java:166) ~[spigot-api-1.21.4-R0.1-SNAPSHOT.jar:?]
	... 7 more
[05:58:29] [Server thread/INFO]: [PlaceholderAPI] Loading PlaceholderAPI v2.11.6
[05:58:29] [Server thread/INFO]: [SimpleScore] Loading SimpleScore v3.12.5
[05:58:29] [Server thread/WARN]: **** SERVER IS RUNNING IN OFFLINE/INSECURE MODE!
[05:58:29] [Server thread/WARN]: The server will make no attempt to authenticate usernames. Beware.
[05:58:29] [Server thread/WARN]: While this makes the game possible to play without internet access, it also opens up the ability for hackers to connect with any username they choose.
[05:58:29] [Server thread/WARN]: To change this, set "online-mode" to "true" in the server.properties file.
[05:58:29] [Server thread/INFO]: Preparing level "world"
[05:58:29] [Server thread/INFO]: -------- World Settings For [world] --------
[05:58:29] [Server thread/INFO]: Cactus Growth Modifier: 100%
[05:58:29] [Server thread/INFO]: Cane Growth Modifier: 100%
[05:58:29] [Server thread/INFO]: Melon Growth Modifier: 100%
[05:58:29] [Server thread/INFO]: Mushroom Growth Modifier: 100%
[05:58:29] [Server thread/INFO]: Pumpkin Growth Modifier: 100%
[05:58:29] [Server thread/INFO]: Sapling Growth Modifier: 100%
[05:58:29] [Server thread/INFO]: Beetroot Growth Modifier: 100%
[05:58:29] [Server thread/INFO]: Carrot Growth Modifier: 100%
[05:58:29] [Server thread/INFO]: Potato Growth Modifier: 100%
[05:58:29] [Server thread/INFO]: Wheat Growth Modifier: 100%
[05:58:29] [Server thread/INFO]: NetherWart Growth Modifier: 100%
[05:58:29] [Server thread/INFO]: Vine Growth Modifier: 100%
[05:58:29] [Server thread/INFO]: Cocoa Growth Modifier: 100%
[05:58:29] [Server thread/INFO]: Bamboo Growth Modifier: 100%
[05:58:29] [Server thread/INFO]: SweetBerry Growth Modifier: 100%
[05:58:29] [Server thread/INFO]: Kelp Growth Modifier: 100%
[05:58:29] [Server thread/INFO]: TwistingVines Growth Modifier: 100%
[05:58:29] [Server thread/INFO]: WeepingVines Growth Modifier: 100%
[05:58:29] [Server thread/INFO]: CaveVines Growth Modifier: 100%
[05:58:29] [Server thread/INFO]: Entity Activation Range: An 32 / Mo 32 / Ra 48 / Mi 16 / Tiv true / Isa false
[05:58:29] [Server thread/INFO]: Entity Tracking Range: Pl 48 / An 48 / Mo 48 / Mi 32 / Di 128 / Other 64
[05:58:29] [Server thread/INFO]: Hopper Transfer: 8 Hopper Check: 1 Hopper Amount: 1 Hopper Can Load Chunks: false
[05:58:29] [Server thread/INFO]: Mob Spawn Range: 6
[05:58:29] [Server thread/INFO]: Experience Merge Radius: 3.0
[05:58:29] [Server thread/INFO]: Custom Map Seeds:  Village: 10387312 Desert: 14357617 Igloo: 14357618 Jungle: 14357619 Swamp: 14357620 Monument: 10387313 Ocean: 14357621 Shipwreck: 165745295 End City: 10387313 Slime: 987234911 Nether: 30084232 Mansion: 10387319 Fossil: 14357921 Portal: 34222645
[05:58:29] [Server thread/INFO]: Max TNT Explosions: 100
[05:58:29] [Server thread/INFO]: Tile Max Tick Time: 50ms Entity max Tick Time: 50ms
[05:58:29] [Server thread/INFO]: View Distance: 10
[05:58:29] [Server thread/INFO]: Simulation Distance: 10
[05:58:29] [Server thread/INFO]: Item Despawn Rate: 6000
[05:58:29] [Server thread/INFO]: Item Merge Radius: 2.5
[05:58:29] [Server thread/INFO]: Arrow Despawn Rate: 1200 Trident Respawn Rate:1200
[05:58:29] [Server thread/INFO]: Allow Zombie Pigmen to spawn from portal blocks: true
[05:58:29] [Server thread/INFO]: Zombie Aggressive Towards Villager: true
[05:58:29] [Server thread/INFO]: Nerfing mobs spawned from spawners: false
[05:58:30] [Server thread/INFO]: -------- World Settings For [world_nether] --------
[05:58:30] [Server thread/INFO]: Cactus Growth Modifier: 100%
[05:58:30] [Server thread/INFO]: Cane Growth Modifier: 100%
[05:58:30] [Server thread/INFO]: Melon Growth Modifier: 100%
[05:58:30] [Server thread/INFO]: Mushroom Growth Modifier: 100%
[05:58:30] [Server thread/INFO]: Pumpkin Growth Modifier: 100%
[05:58:30] [Server thread/INFO]: Sapling Growth Modifier: 100%
[05:58:30] [Server thread/INFO]: Beetroot Growth Modifier: 100%
[05:58:30] [Server thread/INFO]: Carrot Growth Modifier: 100%
[05:58:30] [Server thread/INFO]: Potato Growth Modifier: 100%
[05:58:30] [Server thread/INFO]: Wheat Growth Modifier: 100%
[05:58:30] [Server thread/INFO]: NetherWart Growth Modifier: 100%
[05:58:30] [Server thread/INFO]: Vine Growth Modifier: 100%
[05:58:30] [Server thread/INFO]: Cocoa Growth Modifier: 100%
[05:58:30] [Server thread/INFO]: Bamboo Growth Modifier: 100%
[05:58:30] [Server thread/INFO]: SweetBerry Growth Modifier: 100%
[05:58:30] [Server thread/INFO]: Kelp Growth Modifier: 100%
[05:58:30] [Server thread/INFO]: TwistingVines Growth Modifier: 100%
[05:58:30] [Server thread/INFO]: WeepingVines Growth Modifier: 100%
[05:58:30] [Server thread/INFO]: CaveVines Growth Modifier: 100%
[05:58:30] [Server thread/INFO]: Entity Activation Range: An 32 / Mo 32 / Ra 48 / Mi 16 / Tiv true / Isa false
[05:58:30] [Server thread/INFO]: Entity Tracking Range: Pl 48 / An 48 / Mo 48 / Mi 32 / Di 128 / Other 64
[05:58:30] [Server thread/INFO]: Hopper Transfer: 8 Hopper Check: 1 Hopper Amount: 1 Hopper Can Load Chunks: false
[05:58:30] [Server thread/INFO]: Mob Spawn Range: 6
[05:58:30] [Server thread/INFO]: Experience Merge Radius: 3.0
[05:58:30] [Server thread/INFO]: Custom Map Seeds:  Village: 10387312 Desert: 14357617 Igloo: 14357618 Jungle: 14357619 Swamp: 14357620 Monument: 10387313 Ocean: 14357621 Shipwreck: 165745295 End City: 10387313 Slime: 987234911 Nether: 30084232 Mansion: 10387319 Fossil: 14357921 Portal: 34222645
[05:58:30] [Server thread/INFO]: Max TNT Explosions: 100
[05:58:30] [Server thread/INFO]: Tile Max Tick Time: 50ms Entity max Tick Time: 50ms
[05:58:30] [Server thread/INFO]: View Distance: 10
[05:58:30] [Server thread/INFO]: Simulation Distance: 10
[05:58:30] [Server thread/INFO]: Item Despawn Rate: 6000
[05:58:30] [Server thread/INFO]: Item Merge Radius: 2.5
[05:58:30] [Server thread/INFO]: Arrow Despawn Rate: 1200 Trident Respawn Rate:1200
[05:58:30] [Server thread/INFO]: Allow Zombie Pigmen to spawn from portal blocks: true
[05:58:30] [Server thread/INFO]: Zombie Aggressive Towards Villager: true
[05:58:30] [Server thread/INFO]: Nerfing mobs spawned from spawners: false
[05:58:30] [Server thread/INFO]: -------- World Settings For [world_the_end] --------
[05:58:30] [Server thread/INFO]: Cactus Growth Modifier: 100%
[05:58:30] [Server thread/INFO]: Cane Growth Modifier: 100%
[05:58:30] [Server thread/INFO]: Melon Growth Modifier: 100%
[05:58:30] [Server thread/INFO]: Mushroom Growth Modifier: 100%
[05:58:30] [Server thread/INFO]: Pumpkin Growth Modifier: 100%
[05:58:30] [Server thread/INFO]: Sapling Growth Modifier: 100%
[05:58:30] [Server thread/INFO]: Beetroot Growth Modifier: 100%
[05:58:30] [Server thread/INFO]: Carrot Growth Modifier: 100%
[05:58:30] [Server thread/INFO]: Potato Growth Modifier: 100%
[05:58:30] [Server thread/INFO]: Wheat Growth Modifier: 100%
[05:58:30] [Server thread/INFO]: NetherWart Growth Modifier: 100%
[05:58:30] [Server thread/INFO]: Vine Growth Modifier: 100%
[05:58:30] [Server thread/INFO]: Cocoa Growth Modifier: 100%
[05:58:30] [Server thread/INFO]: Bamboo Growth Modifier: 100%
[05:58:30] [Server thread/INFO]: SweetBerry Growth Modifier: 100%
[05:58:30] [Server thread/INFO]: Kelp Growth Modifier: 100%
[05:58:30] [Server thread/INFO]: TwistingVines Growth Modifier: 100%
[05:58:30] [Server thread/INFO]: WeepingVines Growth Modifier: 100%
[05:58:30] [Server thread/INFO]: CaveVines Growth Modifier: 100%
[05:58:30] [Server thread/INFO]: Entity Activation Range: An 32 / Mo 32 / Ra 48 / Mi 16 / Tiv true / Isa false
[05:58:30] [Server thread/INFO]: Entity Tracking Range: Pl 48 / An 48 / Mo 48 / Mi 32 / Di 128 / Other 64
[05:58:30] [Server thread/INFO]: Hopper Transfer: 8 Hopper Check: 1 Hopper Amount: 1 Hopper Can Load Chunks: false
[05:58:30] [Server thread/INFO]: Mob Spawn Range: 6
[05:58:30] [Server thread/INFO]: Experience Merge Radius: 3.0
[05:58:30] [Server thread/INFO]: Custom Map Seeds:  Village: 10387312 Desert: 14357617 Igloo: 14357618 Jungle: 14357619 Swamp: 14357620 Monument: 10387313 Ocean: 14357621 Shipwreck: 165745295 End City: 10387313 Slime: 987234911 Nether: 30084232 Mansion: 10387319 Fossil: 14357921 Portal: 34222645
[05:58:30] [Server thread/INFO]: Max TNT Explosions: 100
[05:58:30] [Server thread/INFO]: Tile Max Tick Time: 50ms Entity max Tick Time: 50ms
[05:58:30] [Server thread/INFO]: View Distance: 10
[05:58:30] [Server thread/INFO]: Simulation Distance: 10
[05:58:30] [Server thread/INFO]: Item Despawn Rate: 6000
[05:58:30] [Server thread/INFO]: Item Merge Radius: 2.5
[05:58:30] [Server thread/INFO]: Arrow Despawn Rate: 1200 Trident Respawn Rate:1200
[05:58:30] [Server thread/INFO]: Allow Zombie Pigmen to spawn from portal blocks: true
[05:58:30] [Server thread/INFO]: Zombie Aggressive Towards Villager: true
[05:58:30] [Server thread/INFO]: Nerfing mobs spawned from spawners: false
[05:58:30] [Server thread/INFO]: Preparing start region for dimension minecraft:overworld
[05:58:31] [Worker-Main-5/INFO]: Preparing spawn area: 0%
[05:58:31] [Worker-Main-5/INFO]: Preparing spawn area: 0%
[05:58:31] [Worker-Main-5/INFO]: Preparing spawn area: 0%
[05:58:31] [Worker-Main-7/INFO]: Preparing spawn area: 63%
[05:58:31] [Server thread/INFO]: Time elapsed: 1723 ms
[05:58:32] [Server thread/INFO]: Preparing start region for dimension minecraft:the_nether
[05:58:32] [Worker-Main-5/INFO]: Preparing spawn area: 0%
[05:58:32] [Server thread/INFO]: Time elapsed: 101 ms
[05:58:32] [Server thread/INFO]: Preparing start region for dimension minecraft:the_end
[05:58:32] [Worker-Main-2/INFO]: Preparing spawn area: 0%
[05:58:32] [Server thread/INFO]: Time elapsed: 63 ms
[05:58:32] [Server thread/INFO]: [PlaceholderAPI] Enabling PlaceholderAPI v2.11.6
[05:58:32] [Server thread/INFO]: [PlaceholderAPI] Fetching available expansion information...
[05:58:32] [Server thread/INFO]: [SimpleScore] Enabling SimpleScore v3.12.5
[05:58:32] [Server thread/INFO]: [SimpleScore] It looks like your server doesn't have ProtocolLib, install ProtocolLib for even better performance and compatibility with other plugins.
[05:58:32] [Server thread/INFO]: [SimpleScore] https://www.spigotmc.org/resources/protocollib.1997/
[05:58:32] [Server thread/INFO]: [PlaceholderAPI] Successfully registered internal expansion: SimpleScore [3.12.5]
[05:58:32] [Server thread/INFO]: Server permissions file permissions.yml is empty, ignoring it
[05:58:32] [Server thread/INFO]: [PlaceholderAPI] Placeholder expansion registration initializing...
[05:58:32] [Server thread/INFO]: Done (2.882s)! For help, type "help"
[05:58:32] [Server thread/INFO]: [PlaceholderAPI] Successfully registered external expansion: player [2.0.8]
[05:58:32] [Server thread/INFO]: [0;32;1m1 placeholder hook(s) registered![m
[05:59:32] [Server thread/INFO]: Server empty for 60 seconds, pausing
